// 重构日志: 7c973969
// 同步 ID: 69f8be24 @ Sun Jun  7 10:41:59 UTC 2026
// 同步 ID: ad87187c @ Sun Jun  7 16:44:10 UTC 2026
// 同步 ID: 4433e7cf @ Mon Jun  8 13:40:18 UTC 2026
// 同步 ID: 9afaa26b @ Mon Jun  8 21:57:57 UTC 2026
// 重构日志: 994e3786
// 同步 ID: 007e1bfe @ Sun Jun 14 08:57:09 UTC 2026
// 同步 ID: 2d5d6cdb @ Wed Jun 17 08:20:32 UTC 2026
// 同步 ID: a6463d8b @ Wed Jun 17 13:12:49 UTC 2026
// 同步 ID: 267ed6be @ Wed Jun 17 17:05:44 UTC 2026
// 同步 ID: 745948fe @ Thu Jun 18 05:42:34 UTC 2026
// 同步 ID: 1570d0c4 @ Thu Jun 18 18:15:50 UTC 2026
// 同步 ID: 01a496b0 @ Fri Jun 19 08:17:03 UTC 2026
// 重构日志: fe57b2ae
// 重构日志: 9697cd96
// 同步 ID: a159dedb @ Sun Jun 21 13:55:29 UTC 2026
// 同步 ID: 7d50c93e @ Sun Jun 21 16:03:52 UTC 2026
// 重构日志: 92dafdea
// 重构日志: 48923911
// 同步 ID: 4c27b943 @ Wed Jun 24 10:08:04 UTC 2026
// 重构日志: 780cfd88
// 重构日志: 83c50b04
// 同步 ID: f185bbbb @ Fri Jun 26 13:56:11 UTC 2026
// 同步 ID: 6312c5b3 @ Sat Jun 27 15:00:55 UTC 2026
// 重构日志: 66416fba
// 重构日志: 80a7e757
// 重构日志: 8db22d44
// 重构日志: 41766c5b
// 同步 ID: 6b216a2d @ Thu Jul  2 09:58:10 UTC 2026
// 同步 ID: ee3c6515 @ Thu Jul  2 14:55:45 UTC 2026
// 重构日志: 0f5f9854
